<?xml version="1.0" encoding="UTF-8"?>
<!-- Generated by org.testng.reporters.JUnitXMLReporter -->
<testsuite hostname="DESKTOP-A5GCHAB" ignored="0" name="Test" tests="4" failures="0" timestamp="26 Jan 2020 22:12:07 GMT" time="89.132" errors="0">
  <testcase name="HomePageTitleTest" time="0.587" classname="com.flipkart.qa.TestPages.HomePageTest"/>
  <testcase name="amazonImageTest" time="1.257" classname="com.flipkart.qa.TestPages.HomePageTest"/>
  <testcase name="Amazon_search_Test" time="5.414" classname="com.flipkart.qa.TestPages.HomePageTest"/>
  <testcase name="flipkart_search_Test" time="7.308" classname="com.flipkart.qa.TestPages.HomePageTest"/>
</testsuite> <!-- Test -->
